<?xml version="1.0" encoding="UTF-8"?>
<testng-results skipped="0" failed="0" ignored="0" total="2" passed="2">
  <reporter-output>
  </reporter-output>
  <suite name="Default suite" duration-ms="32741" started-at="2019-10-14T00:53:05 EDT" finished-at="2019-10-14T00:53:38 EDT">
    <groups>
    </groups>
    <test name="Default test" duration-ms="32741" started-at="2019-10-14T00:53:05 EDT" finished-at="2019-10-14T00:53:38 EDT">
      <class name="com.training.sanity.tests.RTTC_047_FilterTest">
        <test-method status="PASS" signature="setUpBeforeClass()[pri:0, instance:com.training.sanity.tests.RTTC_047_FilterTest@1dfe2924]" name="setUpBeforeClass" is-config="true" duration-ms="12" started-at="2019-10-14T00:53:05 EDT" finished-at="2019-10-14T00:53:05 EDT">
          <reporter-output>
          </reporter-output>
        </test-method> <!-- setUpBeforeClass -->
        <test-method status="PASS" signature="validLoginTest()[pri:1, instance:com.training.sanity.tests.RTTC_047_FilterTest@1dfe2924]" name="validLoginTest" duration-ms="14732" started-at="2019-10-14T00:53:05 EDT" finished-at="2019-10-14T00:53:20 EDT">
          <reporter-output>
          </reporter-output>
        </test-method> <!-- validLoginTest -->
        <test-method status="PASS" signature="ordersFilterTest()[pri:2, instance:com.training.sanity.tests.RTTC_047_FilterTest@1dfe2924]" name="ordersFilterTest" duration-ms="16174" started-at="2019-10-14T00:53:20 EDT" finished-at="2019-10-14T00:53:36 EDT">
          <reporter-output>
          </reporter-output>
        </test-method> <!-- ordersFilterTest -->
        <test-method status="PASS" signature="tearDown()[pri:0, instance:com.training.sanity.tests.RTTC_047_FilterTest@1dfe2924]" name="tearDown" is-config="true" duration-ms="1768" started-at="2019-10-14T00:53:36 EDT" finished-at="2019-10-14T00:53:38 EDT">
          <reporter-output>
          </reporter-output>
        </test-method> <!-- tearDown -->
      </class> <!-- com.training.sanity.tests.RTTC_047_FilterTest -->
    </test> <!-- Default test -->
  </suite> <!-- Default suite -->
</testng-results>
