<?xml version="1.0" encoding="UTF-8"?>
<testng-results skipped="0" failed="0" ignored="0" total="2" passed="2">
  <reporter-output>
  </reporter-output>
  <suite name="Default suite" duration-ms="22343" started-at="2019-09-23T23:19:25 EDT" finished-at="2019-09-23T23:19:47 EDT">
    <groups>
    </groups>
    <test name="Default test" duration-ms="22343" started-at="2019-09-23T23:19:25 EDT" finished-at="2019-09-23T23:19:47 EDT">
      <class name="com.training.sanity.tests.DeleteOrderTest">
        <test-method status="PASS" signature="setUpBeforeClass()[pri:0, instance:com.training.sanity.tests.DeleteOrderTest@1dfe2924]" name="setUpBeforeClass" is-config="true" duration-ms="20" started-at="2019-09-23T23:19:25 EDT" finished-at="2019-09-23T23:19:25 EDT">
          <reporter-output>
          </reporter-output>
        </test-method> <!-- setUpBeforeClass -->
        <test-method status="PASS" signature="validLoginTest()[pri:1, instance:com.training.sanity.tests.DeleteOrderTest@1dfe2924]" name="validLoginTest" duration-ms="16528" started-at="2019-09-23T23:19:25 EDT" finished-at="2019-09-23T23:19:42 EDT">
          <reporter-output>
          </reporter-output>
        </test-method> <!-- validLoginTest -->
        <test-method status="PASS" signature="validDeleteOrderTest()[pri:2, instance:com.training.sanity.tests.DeleteOrderTest@1dfe2924]" name="validDeleteOrderTest" duration-ms="3829" started-at="2019-09-23T23:19:42 EDT" finished-at="2019-09-23T23:19:45 EDT">
          <reporter-output>
          </reporter-output>
        </test-method> <!-- validDeleteOrderTest -->
        <test-method status="PASS" signature="tearDown()[pri:0, instance:com.training.sanity.tests.DeleteOrderTest@1dfe2924]" name="tearDown" is-config="true" duration-ms="1914" started-at="2019-09-23T23:19:45 EDT" finished-at="2019-09-23T23:19:47 EDT">
          <reporter-output>
          </reporter-output>
        </test-method> <!-- tearDown -->
      </class> <!-- com.training.sanity.tests.DeleteOrderTest -->
    </test> <!-- Default test -->
  </suite> <!-- Default suite -->
</testng-results>
