<?xml version="1.0" encoding="UTF-8"?>
<!-- Generated by org.testng.reporters.JUnitXMLReporter -->
<testsuite hostname="LAPTOP-2B009ES8" ignored="0" name="Default test" tests="2" failures="0" timestamp="2019-10-14T00:53:38 EDT" time="32.741" errors="0">
  <testcase name="validLoginTest" time="14.732" classname="com.training.sanity.tests.RTTC_047_FilterTest"/>
  <testcase name="ordersFilterTest" time="16.174" classname="com.training.sanity.tests.RTTC_047_FilterTest"/>
</testsuite> <!-- Default test -->
