<?xml version="1.0" encoding="UTF-8"?>
<!-- Generated by org.testng.reporters.JUnitXMLReporter -->
<testsuite hostname="LAPTOP-2B009ES8" ignored="0" name="Default test" tests="2" failures="0" timestamp="2019-09-23T23:19:47 EDT" time="22.343" errors="0">
  <testcase name="validLoginTest" time="16.528" classname="com.training.sanity.tests.DeleteOrderTest"/>
  <testcase name="validDeleteOrderTest" time="3.829" classname="com.training.sanity.tests.DeleteOrderTest"/>
</testsuite> <!-- Default test -->
